app/build/outputs/logs/manifest-merger-debug-report.txt
-- Merging decision tree log ---
manifest
ADDED from src/main/AndroidManifest.xml:2:1-57:12
INJECTED from src/main/AndroidManifest.xml:2:1-57:12
INJECTED from src/main/AndroidManifest.xml:2:1-57:12
INJECTED from src/main/AndroidManifest.xml:2:1-57:12
INJECTED from src/main/AndroidManifest.xml:2:1-57:12
INJECTED from src/main/AndroidManifest.xml:2:1-57:12
INJECTED from src/main/AndroidManifest.xml:2:1-57:12
	package
		ADDED from src/main/AndroidManifest.xml:3:5-40
		INJECTED from src/main/AndroidManifest.xml
		INJECTED from src/main/AndroidManifest.xml
	android:versionName
		ADDED from src/main/AndroidManifest.xml:5:5-30
		INJECTED from src/main/AndroidManifest.xml
		INJECTED from src/main/AndroidManifest.xml
	xmlns:android
		ADDED from src/main/AndroidManifest.xml:2:11-69
	android:versionCode
		ADDED from src/main/AndroidManifest.xml:4:5-28
		INJECTED from src/main/AndroidManifest.xml
		INJECTED from src/main/AndroidManifest.xml
uses-permission#android.permission.INTERNET
ADDED from src/main/AndroidManifest.xml:7:2-64
	android:name
		ADDED from src/main/AndroidManifest.xml:7:19-61
uses-permission#android.permission.ACCESS_NETWORK_STATE
ADDED from src/main/AndroidManifest.xml:8:2-76
	android:name
		ADDED from src/main/AndroidManifest.xml:8:19-73
uses-permission#android.permission.CHANGE_NETWORK_STATE
ADDED from src/main/AndroidManifest.xml:9:2-75
	android:name
		ADDED from src/main/AndroidManifest.xml:9:19-73
uses-permission#android.permission.ACCESS_WIFI_STATE
ADDED from src/main/AndroidManifest.xml:10:2-73
	android:name
		ADDED from src/main/AndroidManifest.xml:10:19-70
uses-permission#android.permission.CHANGE_WIFI_STATE
ADDED from src/main/AndroidManifest.xml:11:2-72
	android:name
		ADDED from src/main/AndroidManifest.xml:11:19-70
uses-permission#android.permission.CHANGE_WIFI_MULTICAST_STATE
ADDED from src/main/AndroidManifest.xml:12:2-82
	android:name
		ADDED from src/main/AndroidManifest.xml:12:19-80
uses-permission#android.permission.WRITE_EXTERNAL_STORAGE
ADDED from src/main/AndroidManifest.xml:13:5-81
	android:name
		ADDED from src/main/AndroidManifest.xml:13:22-78
uses-permission#android.permission.READ_EXTERNAL_STORAGE
ADDED from src/main/AndroidManifest.xml:14:5-80
	android:name
		ADDED from src/main/AndroidManifest.xml:14:22-77
uses-permission#android.permission.BLUETOOTH_ADMIN
ADDED from src/main/AndroidManifest.xml:15:2-71
	android:name
		ADDED from src/main/AndroidManifest.xml:15:19-68
uses-permission#android.permission.BLUETOOTH
ADDED from src/main/AndroidManifest.xml:16:2-65
	android:name
		ADDED from src/main/AndroidManifest.xml:16:19-62
uses-feature#android.hardware.bluetooth
ADDED from src/main/AndroidManifest.xml:20:2-60
	android:name
		ADDED from src/main/AndroidManifest.xml:20:16-57
uses-feature#android.hardware.usb.host
ADDED from src/main/AndroidManifest.xml:21:2-58
	android:name
		ADDED from src/main/AndroidManifest.xml:21:16-56
uses-sdk
ADDED from src/main/AndroidManifest.xml:23:5-47
INJECTED from src/main/AndroidManifest.xml:23:5-47
INJECTED from src/main/AndroidManifest.xml:23:5-47
INJECTED from src/main/AndroidManifest.xml:23:5-47
INJECTED from src/main/AndroidManifest.xml:23:5-47
	android:targetSdkVersion
		ADDED from src/main/AndroidManifest.xml:23:15-44
		INJECTED from src/main/AndroidManifest.xml
		INJECTED from src/main/AndroidManifest.xml
	android:minSdkVersion
		INJECTED from src/main/AndroidManifest.xml
		ADDED from src/main/AndroidManifest.xml:23:5-47
		INJECTED from src/main/AndroidManifest.xml
application
ADDED from src/main/AndroidManifest.xml:25:5-55:19
	android:label
		ADDED from src/main/AndroidManifest.xml:28:9-41
	android:debuggable
		ADDED from src/main/AndroidManifest.xml:31:9-34
	android:largeHeap
		ADDED from src/main/AndroidManifest.xml:30:9-33
	android:icon
		ADDED from src/main/AndroidManifest.xml:27:9-49
	android:allowBackup
		ADDED from src/main/AndroidManifest.xml:26:9-35
	android:theme
		ADDED from src/main/AndroidManifest.xml:29:9-40
activity#com.thingmagic.rfidreader.ReaderActivity
ADDED from src/main/AndroidManifest.xml:32:9-50:20
	android:clearTaskOnLaunch
		ADDED from src/main/AndroidManifest.xml:35:13-45
	android:launchMode
		ADDED from src/main/AndroidManifest.xml:36:13-48
	android:hardwareAccelerated
		ADDED from src/main/AndroidManifest.xml:37:13-48
	android:configChanges
		ADDED from src/main/AndroidManifest.xml:34:13-122
	android:name
		ADDED from src/main/AndroidManifest.xml:33:13-43
intent-filter#action:name:android.intent.action.MAIN+category:name:android.intent.category.LAUNCHER
ADDED from src/main/AndroidManifest.xml:38:13-42:29
action#android.intent.action.MAIN
ADDED from src/main/AndroidManifest.xml:39:17-69
	android:name
		ADDED from src/main/AndroidManifest.xml:39:25-66
category#android.intent.category.LAUNCHER
ADDED from src/main/AndroidManifest.xml:41:17-77
	android:name
		ADDED from src/main/AndroidManifest.xml:41:27-74
intent-filter#action:name:android.hardware.usb.action.USB_DEVICE_ATTACHED+action:name:android.hardware.usb.action.USB_DEVICE_DETACHED
ADDED from src/main/AndroidManifest.xml:43:12-46:29
action#android.hardware.usb.action.USB_DEVICE_ATTACHED
ADDED from src/main/AndroidManifest.xml:44:17-90
	android:name
		ADDED from src/main/AndroidManifest.xml:44:25-87
action#android.hardware.usb.action.USB_DEVICE_DETACHED
ADDED from src/main/AndroidManifest.xml:45:17-90
	android:name
		ADDED from src/main/AndroidManifest.xml:45:25-87
meta-data#android.hardware.usb.action.USB_DEVICE_ATTACHED
ADDED from src/main/AndroidManifest.xml:47:13-49:57
	android:resource
		ADDED from src/main/AndroidManifest.xml:49:17-54
	android:name
		ADDED from src/main/AndroidManifest.xml:48:17-79
activity#com.thingmagic.rfidreader.SettingsActivity
ADDED from src/main/AndroidManifest.xml:51:10-54:20
	android:label
		ADDED from src/main/AndroidManifest.xml:52:13-45
	android:name
		ADDED from src/main/AndroidManifest.xml:53:13-45